<?xml version="1.0" encoding="utf-8"?><testsuites><testsuite name="pytest" errors="0" failures="1" skipped="1" tests="3" time="0.156" timestamp="2026-08-10T01:19:07.656836" hostname="cv02-ThinkCentre-neo-50a-24-Gen-5"><testcase classname="rover.test.test_copyright" name="test_copyright" time="0.000"><skipped type="pytest.skip" message="No copyright header has been placed in the generated source file.">/home/cv-02/all_weather_ws/src/rover/test/test_copyright.py:20: No copyright header has been placed in the generated source file.</skipped></testcase><testcase classname="rover.test.test_flake8" name="test_flake8" time="0.062"><failure message="AssertionError: Found 8 code style errors / warnings:&#10;  ./setup.py:34:1: W191 indentation contains tabs&#10;  ./setup.py:34:1: E101 indentation contains mixed spaces and tabs&#10;  ./setup.py:35:1: W191 indentation contains tabs&#10;  ./setup.py:35:1: E101 indentation contains mixed spaces and tabs&#10;  ./setup.py:36:1: W191 indentation contains tabs&#10;  ./setup.py:36:1: E101 indentation contains mixed spaces and tabs&#10;  ./setup.py:37:1: W191 indentation contains tabs&#10;  ./setup.py:37:1: E101 indentation contains mixed spaces and tabs&#10;assert 1 == 0">test/test_flake8.py:23: in test_flake8
    assert rc == 0, \
E   AssertionError: Found 8 code style errors / warnings:
E     ./setup.py:34:1: W191 indentation contains tabs
E     ./setup.py:34:1: E101 indentation contains mixed spaces and tabs
E     ./setup.py:35:1: W191 indentation contains tabs
E     ./setup.py:35:1: E101 indentation contains mixed spaces and tabs
E     ./setup.py:36:1: W191 indentation contains tabs
E     ./setup.py:36:1: E101 indentation contains mixed spaces and tabs
E     ./setup.py:37:1: W191 indentation contains tabs
E     ./setup.py:37:1: E101 indentation contains mixed spaces and tabs
E   assert 1 == 0</failure></testcase><testcase classname="rover.test.test_pep257" name="test_pep257" time="0.013" /></testsuite></testsuites>